11:45:13 [INFO] Initializing The Village...
11:45:14 [INFO] Screen: 1280x720
11:45:14 [INFO] Created new world with seed 3610283512
11:45:14 [INFO] Initialization complete
11:45:14 [INFO] Starting simulation loop
11:45:24 [DEBUG] Tick 100: pop=41, food=0.6, stability=0.67
11:45:34 [DEBUG] Tick 200: pop=41, food=0.1, stability=0.63
11:45:44 [DEBUG] Tick 300: pop=41, food=0.7, stability=0.61
11:45:54 [DEBUG] Tick 400: pop=29, food=0.7, stability=0.69
11:46:04 [DEBUG] Tick 500: pop=27, food=0.9, stability=0.74
11:46:14 [DEBUG] Tick 600: pop=27, food=0.8, stability=0.75
11:46:24 [DEBUG] Tick 700: pop=27, food=0.7, stability=0.74
11:46:34 [DEBUG] Tick 800: pop=27, food=0.5, stability=0.74
11:46:44 [DEBUG] Tick 900: pop=27, food=0.7, stability=0.74
11:46:54 [DEBUG] Tick 1000: pop=27, food=0.4, stability=0.73
11:47:04 [DEBUG] Tick 1100: pop=27, food=0.3, stability=0.73
11:47:14 [DEBUG] Tick 1200: pop=27, food=2.5, stability=0.74
11:47:24 [DEBUG] Tick 1300: pop=27, food=2.7, stability=0.73
11:47:34 [DEBUG] Tick 1400: pop=27, food=1.8, stability=0.73
11:47:44 [DEBUG] Tick 1500: pop=27, food=1.2, stability=0.72
11:47:54 [DEBUG] Tick 1600: pop=27, food=0.9, stability=0.72
11:48:04 [DEBUG] Tick 1700: pop=27, food=0.9, stability=0.71
11:48:14 [DEBUG] Tick 1800: pop=27, food=1.2, stability=0.71
11:48:24 [DEBUG] Tick 1900: pop=27, food=1.2, stability=0.71
11:48:34 [DEBUG] Tick 2000: pop=27, food=1.2, stability=0.71
11:48:44 [DEBUG] Tick 2100: pop=27, food=0.8, stability=0.70
11:48:45 [INFO] Shutting down...
11:48:45 [INFO] Final save complete
11:48:45 [INFO] Shutdown complete
