13:57:30 [INFO] Initializing The Village...
13:57:30 [INFO] Screen: 1280x720
13:57:30 [INFO] Created new world with seed 3191997126
13:57:30 [INFO] Initialization complete
13:57:30 [INFO] Starting simulation loop
13:57:40 [DEBUG] Tick 100: pop=40, food=1.0, stability=0.69
13:57:50 [DEBUG] Tick 200: pop=40, food=0.7, stability=0.70
13:58:00 [DEBUG] Tick 300: pop=40, food=0.1, stability=0.75
13:58:10 [DEBUG] Tick 400: pop=40, food=0.9, stability=0.75
13:58:20 [DEBUG] Tick 500: pop=40, food=1.3, stability=0.75
13:58:30 [DEBUG] Tick 600: pop=40, food=2.3, stability=0.75
13:58:40 [DEBUG] Tick 700: pop=40, food=2.2, stability=0.75
13:58:50 [DEBUG] Tick 800: pop=40, food=17.7, stability=0.77
13:59:00 [DEBUG] Tick 900: pop=40, food=63.4, stability=0.82
13:59:10 [DEBUG] Tick 1000: pop=40, food=149.4, stability=0.93
13:59:20 [DEBUG] Tick 1100: pop=40, food=329.7, stability=1.00
13:59:30 [DEBUG] Tick 1200: pop=40, food=663.2, stability=1.00
13:59:40 [DEBUG] Tick 1300: pop=40, food=1245.4, stability=1.00
13:59:50 [DEBUG] Tick 1400: pop=42, food=1588.8, stability=1.00
14:00:00 [DEBUG] Tick 1500: pop=42, food=1497.8, stability=1.00
14:00:10 [DEBUG] Tick 1600: pop=45, food=1141.9, stability=0.99
14:00:20 [DEBUG] Tick 1700: pop=47, food=415.1, stability=1.00
14:00:30 [DEBUG] Tick 1800: pop=47, food=3.5, stability=0.75
14:00:40 [DEBUG] Tick 1900: pop=47, food=3.5, stability=0.75
14:00:50 [DEBUG] Tick 2000: pop=47, food=3.4, stability=0.75
14:01:00 [DEBUG] Tick 2100: pop=47, food=3.2, stability=0.75
14:01:10 [DEBUG] Tick 2200: pop=47, food=3.2, stability=0.75
14:01:20 [DEBUG] Tick 2300: pop=47, food=2.7, stability=0.75
14:01:30 [DEBUG] Tick 2400: pop=47, food=3.3, stability=0.75
14:01:40 [DEBUG] Tick 2500: pop=47, food=2.8, stability=0.75
14:01:50 [DEBUG] Tick 2600: pop=47, food=2.8, stability=0.75
14:02:00 [DEBUG] Tick 2700: pop=47, food=3.4, stability=0.75
14:02:10 [DEBUG] Tick 2800: pop=47, food=3.3, stability=0.75
14:02:20 [DEBUG] Tick 2900: pop=47, food=2.7, stability=0.75
14:02:30 [DEBUG] Tick 3000: pop=47, food=3.4, stability=0.75
14:02:30 [INFO] Auto-saved to saves\autosave.json
14:02:40 [DEBUG] Tick 3100: pop=47, food=2.9, stability=0.75
14:02:50 [DEBUG] Tick 3200: pop=47, food=3.3, stability=0.75
14:03:00 [DEBUG] Tick 3300: pop=47, food=3.5, stability=0.75
14:03:10 [DEBUG] Tick 3400: pop=47, food=3.1, stability=0.75
14:03:20 [DEBUG] Tick 3500: pop=47, food=2.9, stability=0.75
14:03:21 [INFO] Player triggered disease outbreak
14:03:26 [INFO] Player triggered resource shortage
14:03:27 [INFO] Player triggered disease outbreak
14:03:27 [INFO] Player triggered resource shortage
14:03:27 [INFO] Player triggered knowledge breakthrough
14:03:30 [DEBUG] Tick 3600: pop=47, food=2.9, stability=0.75
14:03:40 [DEBUG] Tick 3700: pop=47, food=3.2, stability=0.75
14:03:50 [DEBUG] Tick 3800: pop=47, food=2.7, stability=0.75
14:04:00 [DEBUG] Tick 3900: pop=47, food=2.9, stability=0.75
14:04:05 [INFO] Shutting down...
14:04:05 [INFO] Final save complete
14:04:05 [INFO] Shutdown complete
