13:52:57 [INFO] Initializing The Village...
13:52:57 [INFO] Screen: 1280x720
13:52:57 [INFO] Created new world with seed 3436560874
13:52:57 [INFO] Initialization complete
13:52:57 [INFO] Starting simulation loop
13:53:07 [DEBUG] Tick 100: pop=40, food=0.9, stability=0.69
13:53:17 [DEBUG] Tick 200: pop=40, food=0.1, stability=0.73
13:53:27 [DEBUG] Tick 300: pop=40, food=0.8, stability=0.75
13:53:37 [DEBUG] Tick 400: pop=40, food=1.1, stability=0.75
13:53:47 [DEBUG] Tick 500: pop=40, food=1.5, stability=0.75
13:53:57 [DEBUG] Tick 600: pop=40, food=1.2, stability=0.75
13:54:07 [DEBUG] Tick 700: pop=40, food=1.8, stability=0.75
13:54:17 [DEBUG] Tick 800: pop=40, food=1.2, stability=0.75
13:54:27 [DEBUG] Tick 900: pop=40, food=1.5, stability=0.75
13:54:37 [DEBUG] Tick 1000: pop=40, food=1.7, stability=0.75
13:54:47 [DEBUG] Tick 1100: pop=40, food=1.8, stability=0.75
13:54:57 [DEBUG] Tick 1200: pop=40, food=1.8, stability=0.75
13:55:07 [DEBUG] Tick 1300: pop=40, food=1.9, stability=0.75
13:55:17 [DEBUG] Tick 1400: pop=40, food=1.4, stability=0.75
13:55:27 [DEBUG] Tick 1500: pop=40, food=1.2, stability=0.75
13:55:37 [DEBUG] Tick 1600: pop=40, food=2.2, stability=0.75
13:55:47 [DEBUG] Tick 1700: pop=40, food=1.8, stability=0.74
13:55:57 [DEBUG] Tick 1800: pop=40, food=3.1, stability=0.74
13:56:08 [DEBUG] Tick 1900: pop=40, food=1.3, stability=0.74
13:56:17 [DEBUG] Tick 2000: pop=40, food=1.9, stability=0.74
13:56:27 [DEBUG] Tick 2100: pop=40, food=1.5, stability=0.74
13:56:29 [INFO] Shutting down...
13:56:29 [INFO] Final save complete
13:56:29 [INFO] Shutdown complete
